<?xml version="1.0" encoding="UTF-8"?>
<!-- Generated by org.testng.reporters.JUnitReportReporter -->
<testsuite hostname="DESKTOP-GKUD8OV" failures="0" tests="1" name="test.ZerodhaHomePageTest" time="26.989" errors="0" timestamp="2022-07-06T18:46:52 IST" skipped="0">
  <testcase classname="test.ZerodhaHomePageTest" name="addStock" time="26.989"/>
  <system-out/>
</testsuite> <!-- test.ZerodhaHomePageTest -->
