<?xml version="1.0" encoding="UTF-8"?>
<!-- Generated by org.testng.reporters.JUnitReportReporter -->
<testsuite hostname="DESKTOP-GKUD8OV" failures="0" tests="2" name="test.ZerodhaLoginPageTest" time="23.248" errors="0" timestamp="2022-06-30T19:19:44 IST" skipped="1">
  <testcase classname="test.ZerodhaLoginPageTest" name="loginToZerodha" time="23.248"/>
  <system-out/>
  <testcase classname="test.ZerodhaLoginPageTest" name="forgotPin">
    <skipped/>
  </testcase> <!-- forgotPin -->
  <system-out/>
</testsuite> <!-- test.ZerodhaLoginPageTest -->
